mar. 25, 2025 10:37:26 AM liquibase.changelog
INFORMAÇÕES: Reading resource: db/changelog/migrations/db.changelog-202503191938.sql
mar. 25, 2025 10:37:26 AM liquibase.changelog
INFORMAÇÕES: Reading resource: db/changelog/migrations/db.changelog-202503210954.sql
mar. 25, 2025 10:37:26 AM liquibase.changelog
INFORMAÇÕES: Reading resource: db/changelog/migrations/db.changelog-202503211004.sql
mar. 25, 2025 10:37:26 AM liquibase.changelog
INFORMAÇÕES: Reading resource: db/changelog/migrations/db.changelog-202503211005.sql
mar. 25, 2025 10:37:26 AM liquibase.changelog
INFORMAÇÕES: Reading resource: db/changelog/migrations/db.changelog-202503251807.sql
mar. 25, 2025 10:37:26 AM liquibase.changelog
INFORMAÇÕES: Reading from board.DATABASECHANGELOG
Database is up to date, no changesets to execute
mar. 25, 2025 10:37:26 AM liquibase.changelog
INFORMAÇÕES: Reading from board.DATABASECHANGELOG

UPDATE SUMMARY
Run:                          0
Previously run:               5
Filtered out:                 0
-------------------------------
Total change sets:            5

mar. 25, 2025 10:37:26 AM liquibase.util
INFORMAÇÕES: UPDATE SUMMARY
mar. 25, 2025 10:37:26 AM liquibase.util
INFORMAÇÕES: Run:                          0
mar. 25, 2025 10:37:26 AM liquibase.util
INFORMAÇÕES: Previously run:               5
mar. 25, 2025 10:37:26 AM liquibase.util
INFORMAÇÕES: Filtered out:                 0
mar. 25, 2025 10:37:26 AM liquibase.util
INFORMAÇÕES: -------------------------------
mar. 25, 2025 10:37:26 AM liquibase.util
INFORMAÇÕES: Total change sets:            5
mar. 25, 2025 10:37:26 AM liquibase.util
INFORMAÇÕES: Update summary generated
mar. 25, 2025 10:37:26 AM liquibase.lockservice
INFORMAÇÕES: Successfully released change log lock
mar. 25, 2025 10:37:26 AM liquibase.command
INFORMAÇÕES: Command execution complete
